Determining if the pthread_create exist failed with the following output:
Change Dir: /home/heeseok/imu_ws/build/CMakeFiles/CMakeTmp

Run Build Command:"/usr/bin/make" "cmTC_94dad/fast"
/usr/bin/make -f CMakeFiles/cmTC_94dad.dir/build.make CMakeFiles/cmTC_94dad.dir/build
make[1]: Entering directory '/home/heeseok/imu_ws/build/CMakeFiles/CMakeTmp'
Building C object CMakeFiles/cmTC_94dad.dir/CheckSymbolExists.c.o
/usr/bin/cc     -o CMakeFiles/cmTC_94dad.dir/CheckSymbolExists.c.o   -c /home/heeseok/imu_ws/build/CMakeFiles/CMakeTmp/CheckSymbolExists.c
Linking C executable cmTC_94dad
/usr/bin/cmake -E cmake_link_script CMakeFiles/cmTC_94dad.dir/link.txt --verbose=1
/usr/bin/cc       CMakeFiles/cmTC_94dad.dir/CheckSymbolExists.c.o  -o cmTC_94dad -rdynamic 
CMakeFiles/cmTC_94dad.dir/CheckSymbolExists.c.o: In function `main':
CheckSymbolExists.c:(.text+0x16): undefined reference to `pthread_create'
collect2: error: ld returned 1 exit status
CMakeFiles/cmTC_94dad.dir/build.make:97: recipe for target 'cmTC_94dad' failed
make[1]: *** [cmTC_94dad] Error 1
make[1]: Leaving directory '/home/heeseok/imu_ws/build/CMakeFiles/CMakeTmp'
Makefile:126: recipe for target 'cmTC_94dad/fast' failed
make: *** [cmTC_94dad/fast] Error 2

File /home/heeseok/imu_ws/build/CMakeFiles/CMakeTmp/CheckSymbolExists.c:
/* */
#include <pthread.h>

int main(int argc, char** argv)
{
  (void)argv;
#ifndef pthread_create
  return ((int*)(&pthread_create))[argc];
#else
  (void)argc;
  return 0;
#endif
}

Determining if the function pthread_create exists in the pthreads failed with the following output:
Change Dir: /home/heeseok/imu_ws/build/CMakeFiles/CMakeTmp

Run Build Command:"/usr/bin/make" "cmTC_2d965/fast"
/usr/bin/make -f CMakeFiles/cmTC_2d965.dir/build.make CMakeFiles/cmTC_2d965.dir/build
make[1]: Entering directory '/home/heeseok/imu_ws/build/CMakeFiles/CMakeTmp'
Building C object CMakeFiles/cmTC_2d965.dir/CheckFunctionExists.c.o
/usr/bin/cc    -DCHECK_FUNCTION_EXISTS=pthread_create   -o CMakeFiles/cmTC_2d965.dir/CheckFunctionExists.c.o   -c /usr/share/cmake-3.5/Modules/CheckFunctionExists.c
Linking C executable cmTC_2d965
/usr/bin/cmake -E cmake_link_script CMakeFiles/cmTC_2d965.dir/link.txt --verbose=1
/usr/bin/cc   -DCHECK_FUNCTION_EXISTS=pthread_create    CMakeFiles/cmTC_2d965.dir/CheckFunctionExists.c.o  -o cmTC_2d965 -rdynamic -lpthreads 
/usr/bin/ld: cannot find -lpthreads
collect2: error: ld returned 1 exit status
CMakeFiles/cmTC_2d965.dir/build.make:97: recipe for target 'cmTC_2d965' failed
make[1]: *** [cmTC_2d965] Error 1
make[1]: Leaving directory '/home/heeseok/imu_ws/build/CMakeFiles/CMakeTmp'
Makefile:126: recipe for target 'cmTC_2d965/fast' failed
make: *** [cmTC_2d965/fast] Error 2


